<?xml version="1.0" encoding="UTF-8"?>
<testsuite xmlns:xsi="http://www.w3.org/2001/XMLSchema-instance" xsi:noNamespaceSchemaLocation="https://maven.apache.org/surefire/maven-surefire-plugin/xsd/surefire-test-report.xsd" version="3.0.2" name="demo.springframework.spring6beer.repositories.BeerRepositoryTest" time="0.035" tests="1" errors="0" skipped="0" failures="0">
  <properties>
[...]
</properties>
  <testcase name="testSaveBeer" classname="demo.springframework.spring6beer.repositories.BeerRepositoryTest" time="0.009">
    <system-out><![CDATA[2025-04-14T15:29:16.962-05:00  INFO 16068 --- [spring-6-beer] [           main] t.c.s.AnnotationConfigContextLoaderUtils : Could not detect default configuration classes for test class [demo.springframework.spring6beer.repositories.BeerRepositoryTest]: BeerRepositoryTest does not declare any static, non-private, non-final, nested classes annotated with @Configuration.
2025-04-14T15:29:16.981-05:00  INFO 16068 --- [spring-6-beer] [           main] .b.t.c.SpringBootTestContextBootstrapper : Found @SpringBootConfiguration demo.springframework.spring6beer.Spring6BeerApplication for test class demo.springframework.spring6beer.repositories.BeerRepositoryTest
Hibernate: insert into beer (beer_name,beer_style,created_date,price,quantity_on_hand,upc,update_date,version) values (?,?,?,?,?,?,?,?)
]]></system-out>
  </testcase>
</testsuite>